<?xml version="1.0" encoding="UTF-8" standalone="no"?>
<!DOCTYPE log SYSTEM "logger.dtd">
<log>
<record>
  <date>2018-08-21T15:51:38</date>
  <millis>1534859498155</millis>
  <sequence>0</sequence>
  <level>START</level>
  <class>com.kms.katalon.core.logging.KeywordLogger</class>
  <method>startSuite</method>
  <thread>1</thread>
  <message>Start Test Suite : Test Suites/Metryka</message>
  <nestedLevel>0</nestedLevel>
  <property name="name">Metryka</property>
  <property name="description">Wejscie na strone + logowanie poprawne + z podzialem z komisja</property>
  <property name="id">Test Suites/Metryka</property>
</record>
<record>
  <date>2018-08-21T15:51:38</date>
  <millis>1534859498191</millis>
  <sequence>1</sequence>
  <level>RUN_DATA</level>
  <class>com.kms.katalon.core.logging.KeywordLogger</class>
  <method>logMessage</method>
  <thread>1</thread>
  <message>Logging run data &amp;apos;hostName&amp;apos; with value &amp;apos;Kajetan Kaczmarek - LAPTOP-2OLM88US&amp;apos;</message>
  <nestedLevel>0</nestedLevel>
  <property name="hostName">Kajetan Kaczmarek - LAPTOP-2OLM88US</property>
</record>
<record>
  <date>2018-08-21T15:51:38</date>
  <millis>1534859498193</millis>
  <sequence>2</sequence>
  <level>RUN_DATA</level>
  <class>com.kms.katalon.core.logging.KeywordLogger</class>
  <method>logMessage</method>
  <thread>1</thread>
  <message>Logging run data &amp;apos;os&amp;apos; with value &amp;apos;Windows 10 64bit&amp;apos;</message>
  <nestedLevel>0</nestedLevel>
  <property name="os">Windows 10 64bit</property>
</record>
<record>
  <date>2018-08-21T15:51:38</date>
  <millis>1534859498194</millis>
  <sequence>3</sequence>
  <level>RUN_DATA</level>
  <class>com.kms.katalon.core.logging.KeywordLogger</class>
  <method>logMessage</method>
  <thread>1</thread>
  <message>Logging run data &amp;apos;hostAddress&amp;apos; with value &amp;apos;192.168.20.91&amp;apos;</message>
  <nestedLevel>0</nestedLevel>
  <property name="hostAddress">192.168.20.91</property>
</record>
<record>
  <date>2018-08-21T15:51:38</date>
  <millis>1534859498196</millis>
  <sequence>4</sequence>
  <level>RUN_DATA</level>
  <class>com.kms.katalon.core.logging.KeywordLogger</class>
  <method>logMessage</method>
  <thread>1</thread>
  <message>Logging run data &amp;apos;katalonVersion&amp;apos; with value &amp;apos;5.6.0.1&amp;apos;</message>
  <nestedLevel>0</nestedLevel>
  <property name="katalonVersion">5.6.0.1</property>
</record>
<record>
  <date>2018-08-21T15:51:38</date>
  <millis>1534859498987</millis>
  <sequence>5</sequence>
  <level>START</level>
  <class>com.kms.katalon.core.logging.KeywordLogger</class>
  <method>startTest</method>
  <thread>1</thread>
  <message>Start Test Case : Test Cases/Logowanie/Wejscie na strone</message>
  <nestedLevel>1</nestedLevel>
  <property name="name">Test Cases/Logowanie/Wejscie na strone</property>
  <property name="description"></property>
  <property name="id">Test Cases/Logowanie/Wejscie na strone</property>
  <property name="source">C:\\Users\\Kajetan Kaczmarek\\Katalon Studio\\In-Zamowienia-Publiczne\\Test Cases\\Logowanie\\Wejscie na strone.tc</property>
  <property name="isOptional">false</property>
</record>
<record>
  <date>2018-08-21T15:51:39</date>
  <millis>1534859499108</millis>
  <sequence>6</sequence>
  <level>INFO</level>
  <class>com.kms.katalon.core.logging.KeywordLogger</class>
  <method>logMessage</method>
  <thread>1</thread>
  <message>Evaluating variables for test case</message>
  <nestedLevel>1</nestedLevel>
</record>
<record>
  <date>2018-08-21T15:51:39</date>
  <millis>1534859499910</millis>
  <sequence>7</sequence>
  <level>START</level>
  <class>com.kms.katalon.core.logging.KeywordLogger</class>
  <method>startKeyword</method>
  <thread>1</thread>
  <message>Start action : openBrowser</message>
  <nestedLevel>1</nestedLevel>
  <property name="startLine">22</property>
  <property name="stepIndex">1</property>
</record>
<record>
  <date>2018-08-21T15:51:40</date>
  <millis>1534859500669</millis>
  <sequence>8</sequence>
  <level>INFO</level>
  <class>com.kms.katalon.core.logging.KeywordLogger</class>
  <method>logMessage</method>
  <thread>1</thread>
  <message>Opening browser</message>
  <nestedLevel>1</nestedLevel>
</record>
<record>
  <date>2018-08-21T15:51:40</date>
  <millis>1534859500696</millis>
  <sequence>9</sequence>
  <level>INFO</level>
  <class>com.kms.katalon.core.logging.KeywordLogger</class>
  <method>logMessage</method>
  <thread>1</thread>
  <message>Starting &amp;apos;Chrome&amp;apos; driver</message>
  <nestedLevel>1</nestedLevel>
</record>
<record>
  <date>2018-08-21T15:51:40</date>
  <millis>1534859500791</millis>
  <sequence>10</sequence>
  <level>INFO</level>
  <class>com.kms.katalon.core.logging.KeywordLogger</class>
  <method>logMessage</method>
  <thread>1</thread>
  <message>Action delay is set to 0 seconds</message>
  <nestedLevel>1</nestedLevel>
</record>
<record>
  <date>2018-08-21T15:51:45</date>
  <millis>1534859505112</millis>
  <sequence>12</sequence>
  <level>RUN_DATA</level>
  <class>com.kms.katalon.core.logging.KeywordLogger</class>
  <method>logMessage</method>
  <thread>1</thread>
  <message>Logging run data &amp;apos;sessionId&amp;apos; with value &amp;apos;5676dbd760156cde06f392f9de7ab049&amp;apos;</message>
  <nestedLevel>1</nestedLevel>
  <property name="sessionId">5676dbd760156cde06f392f9de7ab049</property>
</record>
<record>
  <date>2018-08-21T15:51:45</date>
  <millis>1534859505176</millis>
  <sequence>13</sequence>
  <level>RUN_DATA</level>
  <class>com.kms.katalon.core.logging.KeywordLogger</class>
  <method>logMessage</method>
  <thread>1</thread>
  <message>Logging run data &amp;apos;browser&amp;apos; with value &amp;apos;Chrome 68.0.3440.106&amp;apos;</message>
  <nestedLevel>1</nestedLevel>
  <property name="browser">Chrome 68.0.3440.106</property>
</record>
<record>
  <date>2018-08-21T15:51:45</date>
  <millis>1534859505177</millis>
  <sequence>14</sequence>
  <level>RUN_DATA</level>
  <class>com.kms.katalon.core.logging.KeywordLogger</class>
  <method>logMessage</method>
  <thread>1</thread>
  <message>Logging run data &amp;apos;platform&amp;apos; with value &amp;apos;Windows 10&amp;apos;</message>
  <nestedLevel>1</nestedLevel>
  <property name="platform">Windows 10</property>
</record>
<record>
  <date>2018-08-21T15:51:45</date>
  <millis>1534859505181</millis>
  <sequence>15</sequence>
  <level>RUN_DATA</level>
  <class>com.kms.katalon.core.logging.KeywordLogger</class>
  <method>logMessage</method>
  <thread>1</thread>
  <message>Logging run data &amp;apos;seleniumVersion&amp;apos; with value &amp;apos;3.7.1&amp;apos;</message>
  <nestedLevel>1</nestedLevel>
  <property name="seleniumVersion">3.7.1</property>
</record>
<record>
  <date>2018-08-21T15:51:45</date>
  <millis>1534859505183</millis>
  <sequence>16</sequence>
  <level>RUN_DATA</level>
  <class>com.kms.katalon.core.logging.KeywordLogger</class>
  <method>logMessage</method>
  <thread>1</thread>
  <message>Logging run data &amp;apos;proxyInformation&amp;apos; with value &amp;apos;ProxyInformation{proxyOption=NO_PROXY, proxyServerType=HTTP, password=, proxyServerAddress=, proxyServerPort=0}&amp;apos;</message>
  <nestedLevel>1</nestedLevel>
  <property name="proxyInformation">ProxyInformation{proxyOption=NO_PROXY, proxyServerType=HTTP, password=, proxyServerAddress=, proxyServerPort=0}</property>
</record>
<record>
  <date>2018-08-21T15:51:45</date>
  <millis>1534859505185</millis>
  <sequence>17</sequence>
  <level>PASSED</level>
  <class>com.kms.katalon.core.logging.KeywordLogger</class>
  <method>logMessage</method>
  <thread>1</thread>
  <message>Browser is opened with url: &amp;apos;&amp;apos;</message>
  <nestedLevel>1</nestedLevel>
</record>
<record>
  <date>2018-08-21T15:51:45</date>
  <millis>1534859505186</millis>
  <sequence>18</sequence>
  <level>END</level>
  <class>com.kms.katalon.core.logging.KeywordLogger</class>
  <method>endKeyword</method>
  <thread>1</thread>
  <message>End action : openBrowser</message>
  <nestedLevel>1</nestedLevel>
</record>
<record>
  <date>2018-08-21T15:51:45</date>
  <millis>1534859505186</millis>
  <sequence>19</sequence>
  <level>START</level>
  <class>com.kms.katalon.core.logging.KeywordLogger</class>
  <method>startKeyword</method>
  <thread>1</thread>
  <message>Start action : Statement - autoit_prj = \&amp;quot;C:\\inzamon\\login11.exe\&amp;quot;</message>
  <nestedLevel>1</nestedLevel>
  <property name="startLine">24</property>
  <property name="stepIndex">2</property>
</record>
<record>
  <date>2018-08-21T15:51:45</date>
  <millis>1534859505188</millis>
  <sequence>20</sequence>
  <level>END</level>
  <class>com.kms.katalon.core.logging.KeywordLogger</class>
  <method>endKeyword</method>
  <thread>1</thread>
  <message>End action : Statement - autoit_prj = \&amp;quot;C:\\inzamon\\login11.exe\&amp;quot;</message>
  <nestedLevel>1</nestedLevel>
</record>
<record>
  <date>2018-08-21T15:51:45</date>
  <millis>1534859505189</millis>
  <sequence>21</sequence>
  <level>START</level>
  <class>com.kms.katalon.core.logging.KeywordLogger</class>
  <method>startKeyword</method>
  <thread>1</thread>
  <message>Start action : Statement - java.lang.Runtime.getRuntime().exec(autoit_prj)</message>
  <nestedLevel>1</nestedLevel>
  <property name="startLine">26</property>
  <property name="stepIndex">3</property>
</record>
<record>
  <date>2018-08-21T15:51:45</date>
  <millis>1534859505303</millis>
  <sequence>22</sequence>
  <level>END</level>
  <class>com.kms.katalon.core.logging.KeywordLogger</class>
  <method>endKeyword</method>
  <thread>1</thread>
  <message>End action : Statement - java.lang.Runtime.getRuntime().exec(autoit_prj)</message>
  <nestedLevel>1</nestedLevel>
</record>
<record>
  <date>2018-08-21T15:51:45</date>
  <millis>1534859505304</millis>
  <sequence>23</sequence>
  <level>START</level>
  <class>com.kms.katalon.core.logging.KeywordLogger</class>
  <method>startKeyword</method>
  <thread>1</thread>
  <message>Start action : navigateToUrl</message>
  <nestedLevel>1</nestedLevel>
  <property name="startLine">28</property>
  <property name="stepIndex">4</property>
</record>
<record>
  <date>2018-08-21T15:51:45</date>
  <millis>1534859505366</millis>
  <sequence>24</sequence>
  <level>INFO</level>
  <class>com.kms.katalon.core.logging.KeywordLogger</class>
  <method>logMessage</method>
  <thread>1</thread>
  <message>Checking url</message>
  <nestedLevel>1</nestedLevel>
</record>
<record>
  <date>2018-08-21T15:51:45</date>
  <millis>1534859505369</millis>
  <sequence>25</sequence>
  <level>INFO</level>
  <class>com.kms.katalon.core.logging.KeywordLogger</class>
  <method>logMessage</method>
  <thread>1</thread>
  <message>Navigating to &amp;apos;http:\\drb1.pl.hostingasp.pl&amp;apos;</message>
  <nestedLevel>1</nestedLevel>
</record>
<record>
  <date>2018-08-21T15:52:02</date>
  <millis>1534859522485</millis>
  <sequence>26</sequence>
  <level>PASSED</level>
  <class>com.kms.katalon.core.logging.KeywordLogger</class>
  <method>logMessage</method>
  <thread>1</thread>
  <message>Navigate to &amp;apos;http:\\drb1.pl.hostingasp.pl&amp;apos; successfully</message>
  <nestedLevel>1</nestedLevel>
</record>
<record>
  <date>2018-08-21T15:52:02</date>
  <millis>1534859522486</millis>
  <sequence>27</sequence>
  <level>END</level>
  <class>com.kms.katalon.core.logging.KeywordLogger</class>
  <method>endKeyword</method>
  <thread>1</thread>
  <message>End action : navigateToUrl</message>
  <nestedLevel>1</nestedLevel>
</record>
<record>
  <date>2018-08-21T15:52:02</date>
  <millis>1534859522487</millis>
  <sequence>28</sequence>
  <level>START</level>
  <class>com.kms.katalon.core.logging.KeywordLogger</class>
  <method>startKeyword</method>
  <thread>1</thread>
  <message>Start action : Statement - java.lang.Thread.sleep(3000)</message>
  <nestedLevel>1</nestedLevel>
  <property name="startLine">30</property>
  <property name="stepIndex">5</property>
</record>
<record>
  <date>2018-08-21T15:52:05</date>
  <millis>1534859525505</millis>
  <sequence>29</sequence>
  <level>END</level>
  <class>com.kms.katalon.core.logging.KeywordLogger</class>
  <method>endKeyword</method>
  <thread>1</thread>
  <message>End action : Statement - java.lang.Thread.sleep(3000)</message>
  <nestedLevel>1</nestedLevel>
</record>
<record>
  <date>2018-08-21T15:52:05</date>
  <millis>1534859525506</millis>
  <sequence>30</sequence>
  <level>START</level>
  <class>com.kms.katalon.core.logging.KeywordLogger</class>
  <method>startKeyword</method>
  <thread>1</thread>
  <message>Start action : doubleClick</message>
  <nestedLevel>1</nestedLevel>
  <property name="startLine">32</property>
  <property name="stepIndex">6</property>
</record>
<record>
  <date>2018-08-21T15:52:05</date>
  <millis>1534859525516</millis>
  <sequence>31</sequence>
  <level>INFO</level>
  <class>com.kms.katalon.core.logging.KeywordLogger</class>
  <method>logMessage</method>
  <thread>1</thread>
  <message>Finding Test Object with id &amp;apos;Object Repository/Logowanie/input_logowanie-login&amp;apos;</message>
  <nestedLevel>1</nestedLevel>
</record>
<record>
  <date>2018-08-21T15:52:05</date>
  <millis>1534859525603</millis>
  <sequence>32</sequence>
  <level>INFO</level>
  <class>com.kms.katalon.core.logging.KeywordLogger</class>
  <method>logMessage</method>
  <thread>1</thread>
  <message>Checking object</message>
  <nestedLevel>1</nestedLevel>
</record>
<record>
  <date>2018-08-21T15:52:05</date>
  <millis>1534859525605</millis>
  <sequence>33</sequence>
  <level>INFO</level>
  <class>com.kms.katalon.core.logging.KeywordLogger</class>
  <method>logMessage</method>
  <thread>1</thread>
  <message>Checking timeout</message>
  <nestedLevel>1</nestedLevel>
</record>
<record>
  <date>2018-08-21T15:52:05</date>
  <millis>1534859525648</millis>
  <sequence>34</sequence>
  <level>INFO</level>
  <class>com.kms.katalon.core.logging.KeywordLogger</class>
  <method>logMessage</method>
  <thread>1</thread>
  <message>Finding web element with id: &amp;apos;Object Repository/Logowanie/input_logowanie-login&amp;apos; located by &amp;apos;By.xpath: //input[@id = &amp;apos;login&amp;apos; and @name = &amp;apos;login&amp;apos; and @placeholder = &amp;apos;Login&amp;apos;]&amp;apos; in &amp;apos;30&amp;apos; second(s)</message>
  <nestedLevel>1</nestedLevel>
</record>
<record>
  <date>2018-08-21T15:52:05</date>
  <millis>1534859525704</millis>
  <sequence>35</sequence>
  <level>INFO</level>
  <class>com.kms.katalon.core.logging.KeywordLogger</class>
  <method>logMessage</method>
  <thread>1</thread>
  <message>Found 1 web elements with id: &amp;apos;Object Repository/Logowanie/input_logowanie-login&amp;apos; located by &amp;apos;By.xpath: //input[@id = &amp;apos;login&amp;apos; and @name = &amp;apos;login&amp;apos; and @placeholder = &amp;apos;Login&amp;apos;]&amp;apos; in &amp;apos;30&amp;apos; second(s)</message>
  <nestedLevel>1</nestedLevel>
</record>
<record>
  <date>2018-08-21T15:52:05</date>
  <millis>1534859525705</millis>
  <sequence>36</sequence>
  <level>INFO</level>
  <class>com.kms.katalon.core.logging.KeywordLogger</class>
  <method>logMessage</method>
  <thread>1</thread>
  <message>Double clicking on object: &amp;apos;Object Repository/Logowanie/input_logowanie-login&amp;apos;</message>
  <nestedLevel>1</nestedLevel>
</record>
<record>
  <date>2018-08-21T15:52:05</date>
  <millis>1534859525867</millis>
  <sequence>37</sequence>
  <level>PASSED</level>
  <class>com.kms.katalon.core.logging.KeywordLogger</class>
  <method>logMessage</method>
  <thread>1</thread>
  <message>Object: &amp;apos;Object Repository/Logowanie/input_logowanie-login&amp;apos; is double clicked on</message>
  <nestedLevel>1</nestedLevel>
</record>
<record>
  <date>2018-08-21T15:52:05</date>
  <millis>1534859525868</millis>
  <sequence>38</sequence>
  <level>END</level>
  <class>com.kms.katalon.core.logging.KeywordLogger</class>
  <method>endKeyword</method>
  <thread>1</thread>
  <message>End action : doubleClick</message>
  <nestedLevel>1</nestedLevel>
</record>
<record>
  <date>2018-08-21T15:52:05</date>
  <millis>1534859525868</millis>
  <sequence>39</sequence>
  <level>PASSED</level>
  <class>com.kms.katalon.core.logging.KeywordLogger</class>
  <method>logMessage</method>
  <thread>1</thread>
  <message>Test Cases/Logowanie/Wejscie na strone</message>
  <nestedLevel>1</nestedLevel>
</record>
<record>
  <date>2018-08-21T15:52:05</date>
  <millis>1534859525869</millis>
  <sequence>40</sequence>
  <level>END</level>
  <class>com.kms.katalon.core.logging.KeywordLogger</class>
  <method>endTest</method>
  <thread>1</thread>
  <message>End Test Case : Test Cases/Logowanie/Wejscie na strone</message>
  <nestedLevel>0</nestedLevel>
</record>
<record>
  <date>2018-08-21T15:52:05</date>
  <millis>1534859525877</millis>
  <sequence>41</sequence>
  <level>START</level>
  <class>com.kms.katalon.core.logging.KeywordLogger</class>
  <method>startTest</method>
  <thread>1</thread>
  <message>Start Test Case : Test Cases/Logowanie/Logowanie poprawne</message>
  <nestedLevel>1</nestedLevel>
  <property name="name">Test Cases/Logowanie/Logowanie poprawne</property>
  <property name="description"></property>
  <property name="id">Test Cases/Logowanie/Logowanie poprawne</property>
  <property name="source">C:\\Users\\Kajetan Kaczmarek\\Katalon Studio\\In-Zamowienia-Publiczne\\Test Cases\\Logowanie\\Logowanie poprawne.tc</property>
  <property name="isOptional">false</property>
</record>
<record>
  <date>2018-08-21T15:52:05</date>
  <millis>1534859525890</millis>
  <sequence>42</sequence>
  <level>INFO</level>
  <class>com.kms.katalon.core.logging.KeywordLogger</class>
  <method>logMessage</method>
  <thread>1</thread>
  <message>Evaluating variables for test case</message>
  <nestedLevel>1</nestedLevel>
</record>
<record>
  <date>2018-08-21T15:52:06</date>
  <millis>1534859526509</millis>
  <sequence>43</sequence>
  <level>START</level>
  <class>com.kms.katalon.core.logging.KeywordLogger</class>
  <method>startKeyword</method>
  <thread>1</thread>
  <message>Start action : Statement - autoit_prj = \&amp;quot;C:\\inzamon\\login-correct.exe\&amp;quot;</message>
  <nestedLevel>1</nestedLevel>
  <property name="startLine">22</property>
  <property name="stepIndex">1</property>
</record>
<record>
  <date>2018-08-21T15:52:06</date>
  <millis>1534859526512</millis>
  <sequence>44</sequence>
  <level>END</level>
  <class>com.kms.katalon.core.logging.KeywordLogger</class>
  <method>endKeyword</method>
  <thread>1</thread>
  <message>End action : Statement - autoit_prj = \&amp;quot;C:\\inzamon\\login-correct.exe\&amp;quot;</message>
  <nestedLevel>1</nestedLevel>
</record>
<record>
  <date>2018-08-21T15:52:06</date>
  <millis>1534859526512</millis>
  <sequence>45</sequence>
  <level>START</level>
  <class>com.kms.katalon.core.logging.KeywordLogger</class>
  <method>startKeyword</method>
  <thread>1</thread>
  <message>Start action : Statement - java.lang.Runtime.getRuntime().exec(autoit_prj)</message>
  <nestedLevel>1</nestedLevel>
  <property name="startLine">24</property>
  <property name="stepIndex">2</property>
</record>
<record>
  <date>2018-08-21T15:52:06</date>
  <millis>1534859526536</millis>
  <sequence>46</sequence>
  <level>END</level>
  <class>com.kms.katalon.core.logging.KeywordLogger</class>
  <method>endKeyword</method>
  <thread>1</thread>
  <message>End action : Statement - java.lang.Runtime.getRuntime().exec(autoit_prj)</message>
  <nestedLevel>1</nestedLevel>
</record>
<record>
  <date>2018-08-21T15:52:06</date>
  <millis>1534859526537</millis>
  <sequence>47</sequence>
  <level>START</level>
  <class>com.kms.katalon.core.logging.KeywordLogger</class>
  <method>startKeyword</method>
  <thread>1</thread>
  <message>Start action : Statement - java.lang.Thread.sleep(5000)</message>
  <nestedLevel>1</nestedLevel>
  <property name="startLine">26</property>
  <property name="stepIndex">3</property>
</record>
<record>
  <date>2018-08-21T15:52:11</date>
  <millis>1534859531540</millis>
  <sequence>48</sequence>
  <level>END</level>
  <class>com.kms.katalon.core.logging.KeywordLogger</class>
  <method>endKeyword</method>
  <thread>1</thread>
  <message>End action : Statement - java.lang.Thread.sleep(5000)</message>
  <nestedLevel>1</nestedLevel>
</record>
<record>
  <date>2018-08-21T15:52:11</date>
  <millis>1534859531540</millis>
  <sequence>49</sequence>
  <level>PASSED</level>
  <class>com.kms.katalon.core.logging.KeywordLogger</class>
  <method>logMessage</method>
  <thread>1</thread>
  <message>Test Cases/Logowanie/Logowanie poprawne</message>
  <nestedLevel>1</nestedLevel>
</record>
<record>
  <date>2018-08-21T15:52:11</date>
  <millis>1534859531543</millis>
  <sequence>50</sequence>
  <level>END</level>
  <class>com.kms.katalon.core.logging.KeywordLogger</class>
  <method>endTest</method>
  <thread>1</thread>
  <message>End Test Case : Test Cases/Logowanie/Logowanie poprawne</message>
  <nestedLevel>0</nestedLevel>
</record>
<record>
  <date>2018-08-21T15:52:11</date>
  <millis>1534859531568</millis>
  <sequence>51</sequence>
  <level>START</level>
  <class>com.kms.katalon.core.logging.KeywordLogger</class>
  <method>startTest</method>
  <thread>1</thread>
  <message>Start Test Case : Test Cases/Metryka/Z podzialem z komisja</message>
  <nestedLevel>1</nestedLevel>
  <property name="name">Test Cases/Metryka/Z podzialem z komisja</property>
  <property name="description"></property>
  <property name="id">Test Cases/Metryka/Z podzialem z komisja</property>
  <property name="source">C:\\Users\\Kajetan Kaczmarek\\Katalon Studio\\In-Zamowienia-Publiczne\\Test Cases\\Metryka\\Z podzialem z komisja.tc</property>
  <property name="isOptional">false</property>
</record>
<record>
  <date>2018-08-21T15:52:11</date>
  <millis>1534859531631</millis>
  <sequence>52</sequence>
  <level>INFO</level>
  <class>com.kms.katalon.core.logging.KeywordLogger</class>
  <method>logMessage</method>
  <thread>1</thread>
  <message>Evaluating variables for test case</message>
  <nestedLevel>1</nestedLevel>
</record>
<record>
  <date>2018-08-21T15:52:12</date>
  <millis>1534859532066</millis>
  <sequence>53</sequence>
  <level>START</level>
  <class>com.kms.katalon.core.logging.KeywordLogger</class>
  <method>startKeyword</method>
  <thread>1</thread>
  <message>Start action : waitForPageLoad</message>
  <nestedLevel>1</nestedLevel>
  <property name="startLine">22</property>
  <property name="stepIndex">1</property>
</record>
<record>
  <date>2018-08-21T15:52:12</date>
  <millis>1534859532108</millis>
  <sequence>54</sequence>
  <level>INFO</level>
  <class>com.kms.katalon.core.logging.KeywordLogger</class>
  <method>logMessage</method>
  <thread>1</thread>
  <message>Checking timeout</message>
  <nestedLevel>1</nestedLevel>
</record>
<record>
  <date>2018-08-21T15:52:12</date>
  <millis>1534859532181</millis>
  <sequence>55</sequence>
  <level>PASSED</level>
  <class>com.kms.katalon.core.logging.KeywordLogger</class>
  <method>logMessage</method>
  <thread>1</thread>
  <message>Wait for page load successfully</message>
  <nestedLevel>1</nestedLevel>
</record>
<record>
  <date>2018-08-21T15:52:12</date>
  <millis>1534859532181</millis>
  <sequence>56</sequence>
  <level>END</level>
  <class>com.kms.katalon.core.logging.KeywordLogger</class>
  <method>endKeyword</method>
  <thread>1</thread>
  <message>End action : waitForPageLoad</message>
  <nestedLevel>1</nestedLevel>
</record>
<record>
  <date>2018-08-21T15:52:12</date>
  <millis>1534859532182</millis>
  <sequence>57</sequence>
  <level>START</level>
  <class>com.kms.katalon.core.logging.KeywordLogger</class>
  <method>startKeyword</method>
  <thread>1</thread>
  <message>Start action : click</message>
  <nestedLevel>1</nestedLevel>
  <property name="startLine">24</property>
  <property name="stepIndex">2</property>
</record>
<record>
  <date>2018-08-21T15:52:12</date>
  <millis>1534859532184</millis>
  <sequence>58</sequence>
  <level>INFO</level>
  <class>com.kms.katalon.core.logging.KeywordLogger</class>
  <method>logMessage</method>
  <thread>1</thread>
  <message>Finding Test Object with id &amp;apos;Object Repository/Metryka/button_Nowe postpowanie&amp;apos;</message>
  <nestedLevel>1</nestedLevel>
</record>
<record>
  <date>2018-08-21T15:52:12</date>
  <millis>1534859532210</millis>
  <sequence>59</sequence>
  <level>INFO</level>
  <class>com.kms.katalon.core.logging.KeywordLogger</class>
  <method>logMessage</method>
  <thread>1</thread>
  <message>Checking object</message>
  <nestedLevel>1</nestedLevel>
</record>
<record>
  <date>2018-08-21T15:52:12</date>
  <millis>1534859532211</millis>
  <sequence>60</sequence>
  <level>INFO</level>
  <class>com.kms.katalon.core.logging.KeywordLogger</class>
  <method>logMessage</method>
  <thread>1</thread>
  <message>Checking timeout</message>
  <nestedLevel>1</nestedLevel>
</record>
<record>
  <date>2018-08-21T15:52:12</date>
  <millis>1534859532215</millis>
  <sequence>61</sequence>
  <level>INFO</level>
  <class>com.kms.katalon.core.logging.KeywordLogger</class>
  <method>logMessage</method>
  <thread>1</thread>
  <message>Finding web element with id: &amp;apos;Object Repository/Metryka/button_Nowe postpowanie&amp;apos; located by &amp;apos;By.xpath: //*[@id=\&amp;quot;all\&amp;quot;]/header/nav/div[2]/button[count(. | //button[@href = &amp;apos;#/order&amp;apos;]) = count(//button[@href = &amp;apos;#/order&amp;apos;])]&amp;apos; in &amp;apos;30&amp;apos; second(s)</message>
  <nestedLevel>1</nestedLevel>
</record>
<record>
  <date>2018-08-21T15:52:12</date>
  <millis>1534859532261</millis>
  <sequence>62</sequence>
  <level>INFO</level>
  <class>com.kms.katalon.core.logging.KeywordLogger</class>
  <method>logMessage</method>
  <thread>1</thread>
  <message>Found 1 web elements with id: &amp;apos;Object Repository/Metryka/button_Nowe postpowanie&amp;apos; located by &amp;apos;By.xpath: //*[@id=\&amp;quot;all\&amp;quot;]/header/nav/div[2]/button[count(. | //button[@href = &amp;apos;#/order&amp;apos;]) = count(//button[@href = &amp;apos;#/order&amp;apos;])]&amp;apos; in &amp;apos;30&amp;apos; second(s)</message>
  <nestedLevel>1</nestedLevel>
</record>
<record>
  <date>2018-08-21T15:52:12</date>
  <millis>1534859532263</millis>
  <sequence>63</sequence>
  <level>INFO</level>
  <class>com.kms.katalon.core.logging.KeywordLogger</class>
  <method>logMessage</method>
  <thread>1</thread>
  <message>Clicking on object: &amp;apos;Object Repository/Metryka/button_Nowe postpowanie&amp;apos;</message>
  <nestedLevel>1</nestedLevel>
</record>
<record>
  <date>2018-08-21T15:52:12</date>
  <millis>1534859532444</millis>
  <sequence>64</sequence>
  <level>PASSED</level>
  <class>com.kms.katalon.core.logging.KeywordLogger</class>
  <method>logMessage</method>
  <thread>1</thread>
  <message>Object: &amp;apos;Object Repository/Metryka/button_Nowe postpowanie&amp;apos; is clicked on</message>
  <nestedLevel>1</nestedLevel>
</record>
<record>
  <date>2018-08-21T15:52:12</date>
  <millis>1534859532445</millis>
  <sequence>65</sequence>
  <level>END</level>
  <class>com.kms.katalon.core.logging.KeywordLogger</class>
  <method>endKeyword</method>
  <thread>1</thread>
  <message>End action : click</message>
  <nestedLevel>1</nestedLevel>
</record>
<record>
  <date>2018-08-21T15:52:12</date>
  <millis>1534859532446</millis>
  <sequence>66</sequence>
  <level>START</level>
  <class>com.kms.katalon.core.logging.KeywordLogger</class>
  <method>startKeyword</method>
  <thread>1</thread>
  <message>Start action : setText</message>
  <nestedLevel>1</nestedLevel>
  <property name="startLine">26</property>
  <property name="stepIndex">3</property>
</record>
<record>
  <date>2018-08-21T15:52:12</date>
  <millis>1534859532447</millis>
  <sequence>67</sequence>
  <level>INFO</level>
  <class>com.kms.katalon.core.logging.KeywordLogger</class>
  <method>logMessage</method>
  <thread>1</thread>
  <message>Finding Test Object with id &amp;apos;Object Repository/Metryka/input_Number&amp;apos;</message>
  <nestedLevel>1</nestedLevel>
</record>
<record>
  <date>2018-08-21T15:52:12</date>
  <millis>1534859532470</millis>
  <sequence>68</sequence>
  <level>INFO</level>
  <class>com.kms.katalon.core.logging.KeywordLogger</class>
  <method>logMessage</method>
  <thread>1</thread>
  <message>Checking object</message>
  <nestedLevel>1</nestedLevel>
</record>
<record>
  <date>2018-08-21T15:52:12</date>
  <millis>1534859532470</millis>
  <sequence>69</sequence>
  <level>INFO</level>
  <class>com.kms.katalon.core.logging.KeywordLogger</class>
  <method>logMessage</method>
  <thread>1</thread>
  <message>Checking text</message>
  <nestedLevel>1</nestedLevel>
</record>
<record>
  <date>2018-08-21T15:52:12</date>
  <millis>1534859532471</millis>
  <sequence>70</sequence>
  <level>INFO</level>
  <class>com.kms.katalon.core.logging.KeywordLogger</class>
  <method>logMessage</method>
  <thread>1</thread>
  <message>Checking timeout</message>
  <nestedLevel>1</nestedLevel>
</record>
<record>
  <date>2018-08-21T15:52:12</date>
  <millis>1534859532472</millis>
  <sequence>71</sequence>
  <level>INFO</level>
  <class>com.kms.katalon.core.logging.KeywordLogger</class>
  <method>logMessage</method>
  <thread>1</thread>
  <message>Finding web element with id: &amp;apos;Object Repository/Metryka/input_Number&amp;apos; located by &amp;apos;By.xpath: //input[@id = &amp;apos;Number&amp;apos; and @name = &amp;apos;Number&amp;apos; and @placeholder = &amp;apos;Podaj numer Twojego post\u0119powania&amp;apos;]&amp;apos; in &amp;apos;30&amp;apos; second(s)</message>
  <nestedLevel>1</nestedLevel>
</record>
<record>
  <date>2018-08-21T15:52:12</date>
  <millis>1534859532955</millis>
  <sequence>72</sequence>
  <level>INFO</level>
  <class>com.kms.katalon.core.logging.KeywordLogger</class>
  <method>logMessage</method>
  <thread>1</thread>
  <message>Found 1 web elements with id: &amp;apos;Object Repository/Metryka/input_Number&amp;apos; located by &amp;apos;By.xpath: //input[@id = &amp;apos;Number&amp;apos; and @name = &amp;apos;Number&amp;apos; and @placeholder = &amp;apos;Podaj numer Twojego post\u0119powania&amp;apos;]&amp;apos; in &amp;apos;30&amp;apos; second(s)</message>
  <nestedLevel>1</nestedLevel>
</record>
<record>
  <date>2018-08-21T15:52:12</date>
  <millis>1534859532956</millis>
  <sequence>73</sequence>
  <level>INFO</level>
  <class>com.kms.katalon.core.logging.KeywordLogger</class>
  <method>logMessage</method>
  <thread>1</thread>
  <message>Clearing text of object &amp;apos;Object Repository/Metryka/input_Number&amp;apos;</message>
  <nestedLevel>1</nestedLevel>
</record>
<record>
  <date>2018-08-21T15:52:13</date>
  <millis>1534859533030</millis>
  <sequence>74</sequence>
  <level>INFO</level>
  <class>com.kms.katalon.core.logging.KeywordLogger</class>
  <method>logMessage</method>
  <thread>1</thread>
  <message>Checking timeout</message>
  <nestedLevel>1</nestedLevel>
</record>
<record>
  <date>2018-08-21T15:52:13</date>
  <millis>1534859533033</millis>
  <sequence>75</sequence>
  <level>INFO</level>
  <class>com.kms.katalon.core.logging.KeywordLogger</class>
  <method>logMessage</method>
  <thread>1</thread>
  <message>Finding web element with id: &amp;apos;Object Repository/Metryka/input_Number&amp;apos; located by &amp;apos;By.xpath: //input[@id = &amp;apos;Number&amp;apos; and @name = &amp;apos;Number&amp;apos; and @placeholder = &amp;apos;Podaj numer Twojego post\u0119powania&amp;apos;]&amp;apos; in &amp;apos;30&amp;apos; second(s)</message>
  <nestedLevel>1</nestedLevel>
</record>
<record>
  <date>2018-08-21T15:52:13</date>
  <millis>1534859533055</millis>
  <sequence>76</sequence>
  <level>INFO</level>
  <class>com.kms.katalon.core.logging.KeywordLogger</class>
  <method>logMessage</method>
  <thread>1</thread>
  <message>Found 1 web elements with id: &amp;apos;Object Repository/Metryka/input_Number&amp;apos; located by &amp;apos;By.xpath: //input[@id = &amp;apos;Number&amp;apos; and @name = &amp;apos;Number&amp;apos; and @placeholder = &amp;apos;Podaj numer Twojego post\u0119powania&amp;apos;]&amp;apos; in &amp;apos;30&amp;apos; second(s)</message>
  <nestedLevel>1</nestedLevel>
</record>
<record>
  <date>2018-08-21T15:52:13</date>
  <millis>1534859533066</millis>
  <sequence>77</sequence>
  <level>INFO</level>
  <class>com.kms.katalon.core.logging.KeywordLogger</class>
  <method>logMessage</method>
  <thread>1</thread>
  <message>Setting text of object &amp;apos;Object Repository/Metryka/input_Number&amp;apos; to value &amp;apos;556201-N-2018&amp;apos;</message>
  <nestedLevel>1</nestedLevel>
</record>
<record>
  <date>2018-08-21T15:52:13</date>
  <millis>1534859533335</millis>
  <sequence>78</sequence>
  <level>PASSED</level>
  <class>com.kms.katalon.core.logging.KeywordLogger</class>
  <method>logMessage</method>
  <thread>1</thread>
  <message>Text &amp;apos;556201-N-2018&amp;apos; is set on object &amp;apos;Object Repository/Metryka/input_Number&amp;apos;</message>
  <nestedLevel>1</nestedLevel>
</record>
<record>
  <date>2018-08-21T15:52:13</date>
  <millis>1534859533336</millis>
  <sequence>79</sequence>
  <level>END</level>
  <class>com.kms.katalon.core.logging.KeywordLogger</class>
  <method>endKeyword</method>
  <thread>1</thread>
  <message>End action : setText</message>
  <nestedLevel>1</nestedLevel>
</record>
<record>
  <date>2018-08-21T15:52:13</date>
  <millis>1534859533336</millis>
  <sequence>80</sequence>
  <level>START</level>
  <class>com.kms.katalon.core.logging.KeywordLogger</class>
  <method>startKeyword</method>
  <thread>1</thread>
  <message>Start action : setText</message>
  <nestedLevel>1</nestedLevel>
  <property name="startLine">28</property>
  <property name="stepIndex">4</property>
</record>
<record>
  <date>2018-08-21T15:52:13</date>
  <millis>1534859533338</millis>
  <sequence>81</sequence>
  <level>INFO</level>
  <class>com.kms.katalon.core.logging.KeywordLogger</class>
  <method>logMessage</method>
  <thread>1</thread>
  <message>Finding Test Object with id &amp;apos;Object Repository/Metryka/input_Name&amp;apos;</message>
  <nestedLevel>1</nestedLevel>
</record>
<record>
  <date>2018-08-21T15:52:13</date>
  <millis>1534859533346</millis>
  <sequence>82</sequence>
  <level>INFO</level>
  <class>com.kms.katalon.core.logging.KeywordLogger</class>
  <method>logMessage</method>
  <thread>1</thread>
  <message>Checking object</message>
  <nestedLevel>1</nestedLevel>
</record>
<record>
  <date>2018-08-21T15:52:13</date>
  <millis>1534859533346</millis>
  <sequence>83</sequence>
  <level>INFO</level>
  <class>com.kms.katalon.core.logging.KeywordLogger</class>
  <method>logMessage</method>
  <thread>1</thread>
  <message>Checking text</message>
  <nestedLevel>1</nestedLevel>
</record>
<record>
  <date>2018-08-21T15:52:13</date>
  <millis>1534859533347</millis>
  <sequence>84</sequence>
  <level>INFO</level>
  <class>com.kms.katalon.core.logging.KeywordLogger</class>
  <method>logMessage</method>
  <thread>1</thread>
  <message>Checking timeout</message>
  <nestedLevel>1</nestedLevel>
</record>
<record>
  <date>2018-08-21T15:52:13</date>
  <millis>1534859533348</millis>
  <sequence>85</sequence>
  <level>INFO</level>
  <class>com.kms.katalon.core.logging.KeywordLogger</class>
  <method>logMessage</method>
  <thread>1</thread>
  <message>Finding web element with id: &amp;apos;Object Repository/Metryka/input_Name&amp;apos; located by &amp;apos;By.xpath: //input[@id = &amp;apos;Name&amp;apos; and @name = &amp;apos;Name&amp;apos; and @placeholder = &amp;apos;Podaj tytu\u0142 Twojego post\u0119powania&amp;apos;]&amp;apos; in &amp;apos;30&amp;apos; second(s)</message>
  <nestedLevel>1</nestedLevel>
</record>
<record>
  <date>2018-08-21T15:52:13</date>
  <millis>1534859533388</millis>
  <sequence>86</sequence>
  <level>INFO</level>
  <class>com.kms.katalon.core.logging.KeywordLogger</class>
  <method>logMessage</method>
  <thread>1</thread>
  <message>Found 1 web elements with id: &amp;apos;Object Repository/Metryka/input_Name&amp;apos; located by &amp;apos;By.xpath: //input[@id = &amp;apos;Name&amp;apos; and @name = &amp;apos;Name&amp;apos; and @placeholder = &amp;apos;Podaj tytu\u0142 Twojego post\u0119powania&amp;apos;]&amp;apos; in &amp;apos;30&amp;apos; second(s)</message>
  <nestedLevel>1</nestedLevel>
</record>
<record>
  <date>2018-08-21T15:52:13</date>
  <millis>1534859533389</millis>
  <sequence>87</sequence>
  <level>INFO</level>
  <class>com.kms.katalon.core.logging.KeywordLogger</class>
  <method>logMessage</method>
  <thread>1</thread>
  <message>Clearing text of object &amp;apos;Object Repository/Metryka/input_Name&amp;apos;</message>
  <nestedLevel>1</nestedLevel>
</record>
<record>
  <date>2018-08-21T15:52:13</date>
  <millis>1534859533432</millis>
  <sequence>88</sequence>
  <level>INFO</level>
  <class>com.kms.katalon.core.logging.KeywordLogger</class>
  <method>logMessage</method>
  <thread>1</thread>
  <message>Checking timeout</message>
  <nestedLevel>1</nestedLevel>
</record>
<record>
  <date>2018-08-21T15:52:13</date>
  <millis>1534859533433</millis>
  <sequence>89</sequence>
  <level>INFO</level>
  <class>com.kms.katalon.core.logging.KeywordLogger</class>
  <method>logMessage</method>
  <thread>1</thread>
  <message>Finding web element with id: &amp;apos;Object Repository/Metryka/input_Name&amp;apos; located by &amp;apos;By.xpath: //input[@id = &amp;apos;Name&amp;apos; and @name = &amp;apos;Name&amp;apos; and @placeholder = &amp;apos;Podaj tytu\u0142 Twojego post\u0119powania&amp;apos;]&amp;apos; in &amp;apos;30&amp;apos; second(s)</message>
  <nestedLevel>1</nestedLevel>
</record>
<record>
  <date>2018-08-21T15:52:13</date>
  <millis>1534859533452</millis>
  <sequence>90</sequence>
  <level>INFO</level>
  <class>com.kms.katalon.core.logging.KeywordLogger</class>
  <method>logMessage</method>
  <thread>1</thread>
  <message>Found 1 web elements with id: &amp;apos;Object Repository/Metryka/input_Name&amp;apos; located by &amp;apos;By.xpath: //input[@id = &amp;apos;Name&amp;apos; and @name = &amp;apos;Name&amp;apos; and @placeholder = &amp;apos;Podaj tytu\u0142 Twojego post\u0119powania&amp;apos;]&amp;apos; in &amp;apos;30&amp;apos; second(s)</message>
  <nestedLevel>1</nestedLevel>
</record>
<record>
  <date>2018-08-21T15:52:13</date>
  <millis>1534859533453</millis>
  <sequence>91</sequence>
  <level>INFO</level>
  <class>com.kms.katalon.core.logging.KeywordLogger</class>
  <method>logMessage</method>
  <thread>1</thread>
  <message>Setting text of object &amp;apos;Object Repository/Metryka/input_Name&amp;apos; to value &amp;apos;Przetarg Testowy&amp;apos;</message>
  <nestedLevel>1</nestedLevel>
</record>
<record>
  <date>2018-08-21T15:52:13</date>
  <millis>1534859533790</millis>
  <sequence>92</sequence>
  <level>PASSED</level>
  <class>com.kms.katalon.core.logging.KeywordLogger</class>
  <method>logMessage</method>
  <thread>1</thread>
  <message>Text &amp;apos;Przetarg Testowy&amp;apos; is set on object &amp;apos;Object Repository/Metryka/input_Name&amp;apos;</message>
  <nestedLevel>1</nestedLevel>
</record>
<record>
  <date>2018-08-21T15:52:13</date>
  <millis>1534859533791</millis>
  <sequence>93</sequence>
  <level>END</level>
  <class>com.kms.katalon.core.logging.KeywordLogger</class>
  <method>endKeyword</method>
  <thread>1</thread>
  <message>End action : setText</message>
  <nestedLevel>1</nestedLevel>
</record>
<record>
  <date>2018-08-21T15:52:13</date>
  <millis>1534859533793</millis>
  <sequence>94</sequence>
  <level>START</level>
  <class>com.kms.katalon.core.logging.KeywordLogger</class>
  <method>startKeyword</method>
  <thread>1</thread>
  <message>Start action : setText</message>
  <nestedLevel>1</nestedLevel>
  <property name="startLine">30</property>
  <property name="stepIndex">5</property>
</record>
<record>
  <date>2018-08-21T15:52:13</date>
  <millis>1534859533794</millis>
  <sequence>95</sequence>
  <level>INFO</level>
  <class>com.kms.katalon.core.logging.KeywordLogger</class>
  <method>logMessage</method>
  <thread>1</thread>
  <message>Finding Test Object with id &amp;apos;Object Repository/Metryka/textarea_Description&amp;apos;</message>
  <nestedLevel>1</nestedLevel>
</record>
<record>
  <date>2018-08-21T15:52:13</date>
  <millis>1534859533800</millis>
  <sequence>96</sequence>
  <level>INFO</level>
  <class>com.kms.katalon.core.logging.KeywordLogger</class>
  <method>logMessage</method>
  <thread>1</thread>
  <message>Checking object</message>
  <nestedLevel>1</nestedLevel>
</record>
<record>
  <date>2018-08-21T15:52:13</date>
  <millis>1534859533800</millis>
  <sequence>97</sequence>
  <level>INFO</level>
  <class>com.kms.katalon.core.logging.KeywordLogger</class>
  <method>logMessage</method>
  <thread>1</thread>
  <message>Checking text</message>
  <nestedLevel>1</nestedLevel>
</record>
<record>
  <date>2018-08-21T15:52:13</date>
  <millis>1534859533801</millis>
  <sequence>98</sequence>
  <level>INFO</level>
  <class>com.kms.katalon.core.logging.KeywordLogger</class>
  <method>logMessage</method>
  <thread>1</thread>
  <message>Checking timeout</message>
  <nestedLevel>1</nestedLevel>
</record>
<record>
  <date>2018-08-21T15:52:13</date>
  <millis>1534859533802</millis>
  <sequence>99</sequence>
  <level>INFO</level>
  <class>com.kms.katalon.core.logging.KeywordLogger</class>
  <method>logMessage</method>
  <thread>1</thread>
  <message>Finding web element with id: &amp;apos;Object Repository/Metryka/textarea_Description&amp;apos; located by &amp;apos;By.xpath: //textarea[@name = &amp;apos;Description&amp;apos;]&amp;apos; in &amp;apos;30&amp;apos; second(s)</message>
  <nestedLevel>1</nestedLevel>
</record>
<record>
  <date>2018-08-21T15:52:13</date>
  <millis>1534859533836</millis>
  <sequence>100</sequence>
  <level>INFO</level>
  <class>com.kms.katalon.core.logging.KeywordLogger</class>
  <method>logMessage</method>
  <thread>1</thread>
  <message>Found 1 web elements with id: &amp;apos;Object Repository/Metryka/textarea_Description&amp;apos; located by &amp;apos;By.xpath: //textarea[@name = &amp;apos;Description&amp;apos;]&amp;apos; in &amp;apos;30&amp;apos; second(s)</message>
  <nestedLevel>1</nestedLevel>
</record>
<record>
  <date>2018-08-21T15:52:13</date>
  <millis>1534859533837</millis>
  <sequence>101</sequence>
  <level>INFO</level>
  <class>com.kms.katalon.core.logging.KeywordLogger</class>
  <method>logMessage</method>
  <thread>1</thread>
  <message>Clearing text of object &amp;apos;Object Repository/Metryka/textarea_Description&amp;apos;</message>
  <nestedLevel>1</nestedLevel>
</record>
<record>
  <date>2018-08-21T15:52:13</date>
  <millis>1534859533891</millis>
  <sequence>102</sequence>
  <level>INFO</level>
  <class>com.kms.katalon.core.logging.KeywordLogger</class>
  <method>logMessage</method>
  <thread>1</thread>
  <message>Checking timeout</message>
  <nestedLevel>1</nestedLevel>
</record>
<record>
  <date>2018-08-21T15:52:13</date>
  <millis>1534859533892</millis>
  <sequence>103</sequence>
  <level>INFO</level>
  <class>com.kms.katalon.core.logging.KeywordLogger</class>
  <method>logMessage</method>
  <thread>1</thread>
  <message>Finding web element with id: &amp;apos;Object Repository/Metryka/textarea_Description&amp;apos; located by &amp;apos;By.xpath: //textarea[@name = &amp;apos;Description&amp;apos;]&amp;apos; in &amp;apos;30&amp;apos; second(s)</message>
  <nestedLevel>1</nestedLevel>
</record>
<record>
  <date>2018-08-21T15:52:13</date>
  <millis>1534859533923</millis>
  <sequence>104</sequence>
  <level>INFO</level>
  <class>com.kms.katalon.core.logging.KeywordLogger</class>
  <method>logMessage</method>
  <thread>1</thread>
  <message>Found 1 web elements with id: &amp;apos;Object Repository/Metryka/textarea_Description&amp;apos; located by &amp;apos;By.xpath: //textarea[@name = &amp;apos;Description&amp;apos;]&amp;apos; in &amp;apos;30&amp;apos; second(s)</message>
  <nestedLevel>1</nestedLevel>
</record>
<record>
  <date>2018-08-21T15:52:13</date>
  <millis>1534859533925</millis>
  <sequence>105</sequence>
  <level>INFO</level>
  <class>com.kms.katalon.core.logging.KeywordLogger</class>
  <method>logMessage</method>
  <thread>1</thread>
  <message>Setting text of object &amp;apos;Object Repository/Metryka/textarea_Description&amp;apos; to value &amp;apos;556201-N-2018\nZ podzia\u0142em z komisj\u0105&amp;apos;</message>
  <nestedLevel>1</nestedLevel>
</record>
<record>
  <date>2018-08-21T15:52:14</date>
  <millis>1534859534298</millis>
  <sequence>106</sequence>
  <level>PASSED</level>
  <class>com.kms.katalon.core.logging.KeywordLogger</class>
  <method>logMessage</method>
  <thread>1</thread>
  <message>Text &amp;apos;556201-N-2018\nZ podzia\u0142em z komisj\u0105&amp;apos; is set on object &amp;apos;Object Repository/Metryka/textarea_Description&amp;apos;</message>
  <nestedLevel>1</nestedLevel>
</record>
<record>
  <date>2018-08-21T15:52:14</date>
  <millis>1534859534300</millis>
  <sequence>107</sequence>
  <level>END</level>
  <class>com.kms.katalon.core.logging.KeywordLogger</class>
  <method>endKeyword</method>
  <thread>1</thread>
  <message>End action : setText</message>
  <nestedLevel>1</nestedLevel>
</record>
<record>
  <date>2018-08-21T15:52:14</date>
  <millis>1534859534301</millis>
  <sequence>108</sequence>
  <level>START</level>
  <class>com.kms.katalon.core.logging.KeywordLogger</class>
  <method>startKeyword</method>
  <thread>1</thread>
  <message>Start action : setText</message>
  <nestedLevel>1</nestedLevel>
  <property name="startLine">32</property>
  <property name="stepIndex">6</property>
</record>
<record>
  <date>2018-08-21T15:52:14</date>
  <millis>1534859534302</millis>
  <sequence>109</sequence>
  <level>INFO</level>
  <class>com.kms.katalon.core.logging.KeywordLogger</class>
  <method>logMessage</method>
  <thread>1</thread>
  <message>Finding Test Object with id &amp;apos;Object Repository/Metryka/input_description0&amp;apos;</message>
  <nestedLevel>1</nestedLevel>
</record>
<record>
  <date>2018-08-21T15:52:14</date>
  <millis>1534859534307</millis>
  <sequence>110</sequence>
  <level>INFO</level>
  <class>com.kms.katalon.core.logging.KeywordLogger</class>
  <method>logMessage</method>
  <thread>1</thread>
  <message>Checking object</message>
  <nestedLevel>1</nestedLevel>
</record>
<record>
  <date>2018-08-21T15:52:14</date>
  <millis>1534859534308</millis>
  <sequence>111</sequence>
  <level>INFO</level>
  <class>com.kms.katalon.core.logging.KeywordLogger</class>
  <method>logMessage</method>
  <thread>1</thread>
  <message>Checking text</message>
  <nestedLevel>1</nestedLevel>
</record>
<record>
  <date>2018-08-21T15:52:14</date>
  <millis>1534859534309</millis>
  <sequence>112</sequence>
  <level>INFO</level>
  <class>com.kms.katalon.core.logging.KeywordLogger</class>
  <method>logMessage</method>
  <thread>1</thread>
  <message>Checking timeout</message>
  <nestedLevel>1</nestedLevel>
</record>
<record>
  <date>2018-08-21T15:52:14</date>
  <millis>1534859534309</millis>
  <sequence>113</sequence>
  <level>INFO</level>
  <class>com.kms.katalon.core.logging.KeywordLogger</class>
  <method>logMessage</method>
  <thread>1</thread>
  <message>Finding web element with id: &amp;apos;Object Repository/Metryka/input_description0&amp;apos; located by &amp;apos;By.xpath: //input[@id = &amp;apos;description0&amp;apos;]&amp;apos; in &amp;apos;30&amp;apos; second(s)</message>
  <nestedLevel>1</nestedLevel>
</record>
<record>
  <date>2018-08-21T15:52:14</date>
  <millis>1534859534347</millis>
  <sequence>114</sequence>
  <level>INFO</level>
  <class>com.kms.katalon.core.logging.KeywordLogger</class>
  <method>logMessage</method>
  <thread>1</thread>
  <message>Found 1 web elements with id: &amp;apos;Object Repository/Metryka/input_description0&amp;apos; located by &amp;apos;By.xpath: //input[@id = &amp;apos;description0&amp;apos;]&amp;apos; in &amp;apos;30&amp;apos; second(s)</message>
  <nestedLevel>1</nestedLevel>
</record>
<record>
  <date>2018-08-21T15:52:14</date>
  <millis>1534859534348</millis>
  <sequence>115</sequence>
  <level>INFO</level>
  <class>com.kms.katalon.core.logging.KeywordLogger</class>
  <method>logMessage</method>
  <thread>1</thread>
  <message>Clearing text of object &amp;apos;Object Repository/Metryka/input_description0&amp;apos;</message>
  <nestedLevel>1</nestedLevel>
</record>
<record>
  <date>2018-08-21T15:52:14</date>
  <millis>1534859534397</millis>
  <sequence>116</sequence>
  <level>INFO</level>
  <class>com.kms.katalon.core.logging.KeywordLogger</class>
  <method>logMessage</method>
  <thread>1</thread>
  <message>Checking timeout</message>
  <nestedLevel>1</nestedLevel>
</record>
<record>
  <date>2018-08-21T15:52:14</date>
  <millis>1534859534398</millis>
  <sequence>117</sequence>
  <level>INFO</level>
  <class>com.kms.katalon.core.logging.KeywordLogger</class>
  <method>logMessage</method>
  <thread>1</thread>
  <message>Finding web element with id: &amp;apos;Object Repository/Metryka/input_description0&amp;apos; located by &amp;apos;By.xpath: //input[@id = &amp;apos;description0&amp;apos;]&amp;apos; in &amp;apos;30&amp;apos; second(s)</message>
  <nestedLevel>1</nestedLevel>
</record>
<record>
  <date>2018-08-21T15:52:14</date>
  <millis>1534859534422</millis>
  <sequence>118</sequence>
  <level>INFO</level>
  <class>com.kms.katalon.core.logging.KeywordLogger</class>
  <method>logMessage</method>
  <thread>1</thread>
  <message>Found 1 web elements with id: &amp;apos;Object Repository/Metryka/input_description0&amp;apos; located by &amp;apos;By.xpath: //input[@id = &amp;apos;description0&amp;apos;]&amp;apos; in &amp;apos;30&amp;apos; second(s)</message>
  <nestedLevel>1</nestedLevel>
</record>
<record>
  <date>2018-08-21T15:52:14</date>
  <millis>1534859534423</millis>
  <sequence>119</sequence>
  <level>INFO</level>
  <class>com.kms.katalon.core.logging.KeywordLogger</class>
  <method>logMessage</method>
  <thread>1</thread>
  <message>Setting text of object &amp;apos;Object Repository/Metryka/input_description0&amp;apos; to value &amp;apos;Bia\u0142ystok&amp;apos;</message>
  <nestedLevel>1</nestedLevel>
</record>
<record>
  <date>2018-08-21T15:52:14</date>
  <millis>1534859534612</millis>
  <sequence>120</sequence>
  <level>PASSED</level>
  <class>com.kms.katalon.core.logging.KeywordLogger</class>
  <method>logMessage</method>
  <thread>1</thread>
  <message>Text &amp;apos;Bia\u0142ystok&amp;apos; is set on object &amp;apos;Object Repository/Metryka/input_description0&amp;apos;</message>
  <nestedLevel>1</nestedLevel>
</record>
<record>
  <date>2018-08-21T15:52:14</date>
  <millis>1534859534614</millis>
  <sequence>121</sequence>
  <level>END</level>
  <class>com.kms.katalon.core.logging.KeywordLogger</class>
  <method>endKeyword</method>
  <thread>1</thread>
  <message>End action : setText</message>
  <nestedLevel>1</nestedLevel>
</record>
<record>
  <date>2018-08-21T15:52:14</date>
  <millis>1534859534615</millis>
  <sequence>122</sequence>
  <level>START</level>
  <class>com.kms.katalon.core.logging.KeywordLogger</class>
  <method>startKeyword</method>
  <thread>1</thread>
  <message>Start action : waitForElementPresent</message>
  <nestedLevel>1</nestedLevel>
  <property name="startLine">34</property>
  <property name="stepIndex">7</property>
</record>
<record>
  <date>2018-08-21T15:52:14</date>
  <millis>1534859534616</millis>
  <sequence>123</sequence>
  <level>INFO</level>
  <class>com.kms.katalon.core.logging.KeywordLogger</class>
  <method>logMessage</method>
  <thread>1</thread>
  <message>Finding Test Object with id &amp;apos;Object Repository/Metryka/input_normal ng-untouched ng-v&amp;apos;</message>
  <nestedLevel>1</nestedLevel>
</record>
<record>
  <date>2018-08-21T15:52:14</date>
  <millis>1534859534637</millis>
  <sequence>124</sequence>
  <level>INFO</level>
  <class>com.kms.katalon.core.logging.KeywordLogger</class>
  <method>logMessage</method>
  <thread>1</thread>
  <message>Checking object</message>
  <nestedLevel>1</nestedLevel>
</record>
<record>
  <date>2018-08-21T15:52:14</date>
  <millis>1534859534638</millis>
  <sequence>125</sequence>
  <level>INFO</level>
  <class>com.kms.katalon.core.logging.KeywordLogger</class>
  <method>logMessage</method>
  <thread>1</thread>
  <message>Checking timeout</message>
  <nestedLevel>1</nestedLevel>
</record>
<record>
  <date>2018-08-21T15:52:14</date>
  <millis>1534859534639</millis>
  <sequence>126</sequence>
  <level>INFO</level>
  <class>com.kms.katalon.core.logging.KeywordLogger</class>
  <method>logMessage</method>
  <thread>1</thread>
  <message>Finding web element with id: &amp;apos;Object Repository/Metryka/input_normal ng-untouched ng-v&amp;apos; located by &amp;apos;By.xpath: id(\&amp;quot;all\&amp;quot;)/div[@class=\&amp;quot;content-wrapper\&amp;quot;]/section[@class=\&amp;quot;content\&amp;quot;]/div[@class=\&amp;quot;ng-scope\&amp;quot;]/div[@class=\&amp;quot;row ng-scope\&amp;quot;]/form[@class=\&amp;quot;form-horizontal ng-valid-maxlength ng-valid-editable ng-dirty ng-valid-parse ng-valid ng-valid-required\&amp;quot;]/div[@class=\&amp;quot;full-width\&amp;quot;]/div[@class=\&amp;quot;mt-50 col-sm-10 col-centered\&amp;quot;]/div[@class=\&amp;quot;form-group\&amp;quot;]/div[@class=\&amp;quot;row\&amp;quot;]/table[@class=\&amp;quot;dataTable\&amp;quot;]/tbody[1]/tr[@class=\&amp;quot;ng-scope odd\&amp;quot;]/td[2]/input[@class=\&amp;quot;normal ng-untouched ng-valid ng-not-empty ng-dirty ng-valid-parse\&amp;quot;]&amp;apos; in &amp;apos;10&amp;apos; second(s)</message>
  <nestedLevel>1</nestedLevel>
</record>
<record>
  <date>2018-08-21T15:52:26</date>
  <millis>1534859546366</millis>
  <sequence>127</sequence>
  <level>INFO</level>
  <class>com.kms.katalon.core.logging.KeywordLogger</class>
  <method>logMessage</method>
  <thread>1</thread>
  <message>Found web element with id: &amp;apos;Object Repository/Metryka/input_normal ng-untouched ng-v&amp;apos; using heuristic method. Matching attributes: [tag, ng-model, ng-change].</message>
  <nestedLevel>1</nestedLevel>
</record>
<record>
  <date>2018-08-21T15:52:26</date>
  <millis>1534859546367</millis>
  <sequence>128</sequence>
  <level>INFO</level>
  <class>com.kms.katalon.core.logging.KeywordLogger</class>
  <method>logMessage</method>
  <thread>1</thread>
  <message>Web element found by heuristic method is not used because we can&amp;apos;t guarantee it reflects the intended element.</message>
  <nestedLevel>1</nestedLevel>
</record>
<record>
  <date>2018-08-21T15:52:26</date>
  <millis>1534859546368</millis>
  <sequence>129</sequence>
  <level>INFO</level>
  <class>com.kms.katalon.core.logging.KeywordLogger</class>
  <method>logMessage</method>
  <thread>1</thread>
  <message>You should consult our guide in choosing attributes : https://docs.katalon.com/x/fhlO</message>
  <nestedLevel>1</nestedLevel>
</record>
<record>
  <date>2018-08-21T15:52:26</date>
  <millis>1534859546368</millis>
  <sequence>130</sequence>
  <level>WARNING</level>
  <class>com.kms.katalon.core.logging.KeywordLogger</class>
  <method>logMessage</method>
  <thread>1</thread>
  <message>Object &amp;apos;Object Repository/Metryka/input_normal ng-untouched ng-v&amp;apos; is not present after 10 second(s)</message>
  <nestedLevel>1</nestedLevel>
</record>
<record>
  <date>2018-08-21T15:52:26</date>
  <millis>1534859546369</millis>
  <sequence>131</sequence>
  <level>END</level>
  <class>com.kms.katalon.core.logging.KeywordLogger</class>
  <method>endKeyword</method>
  <thread>1</thread>
  <message>End action : waitForElementPresent</message>
  <nestedLevel>1</nestedLevel>
</record>
<record>
  <date>2018-08-21T15:52:26</date>
  <millis>1534859546370</millis>
  <sequence>132</sequence>
  <level>START</level>
  <class>com.kms.katalon.core.logging.KeywordLogger</class>
  <method>startKeyword</method>
  <thread>1</thread>
  <message>Start action : doubleClick</message>
  <nestedLevel>1</nestedLevel>
  <property name="startLine">36</property>
  <property name="stepIndex">8</property>
</record>
<record>
  <date>2018-08-21T15:52:26</date>
  <millis>1534859546370</millis>
  <sequence>133</sequence>
  <level>INFO</level>
  <class>com.kms.katalon.core.logging.KeywordLogger</class>
  <method>logMessage</method>
  <thread>1</thread>
  <message>Finding Test Object with id &amp;apos;Object Repository/Metryka/input_normal ng-untouched ng-v&amp;apos;</message>
  <nestedLevel>1</nestedLevel>
</record>
<record>
  <date>2018-08-21T15:52:26</date>
  <millis>1534859546376</millis>
  <sequence>134</sequence>
  <level>INFO</level>
  <class>com.kms.katalon.core.logging.KeywordLogger</class>
  <method>logMessage</method>
  <thread>1</thread>
  <message>Checking object</message>
  <nestedLevel>1</nestedLevel>
</record>
<record>
  <date>2018-08-21T15:52:26</date>
  <millis>1534859546377</millis>
  <sequence>135</sequence>
  <level>INFO</level>
  <class>com.kms.katalon.core.logging.KeywordLogger</class>
  <method>logMessage</method>
  <thread>1</thread>
  <message>Checking timeout</message>
  <nestedLevel>1</nestedLevel>
</record>
<record>
  <date>2018-08-21T15:52:26</date>
  <millis>1534859546377</millis>
  <sequence>136</sequence>
  <level>INFO</level>
  <class>com.kms.katalon.core.logging.KeywordLogger</class>
  <method>logMessage</method>
  <thread>1</thread>
  <message>Finding web element with id: &amp;apos;Object Repository/Metryka/input_normal ng-untouched ng-v&amp;apos; located by &amp;apos;By.xpath: id(\&amp;quot;all\&amp;quot;)/div[@class=\&amp;quot;content-wrapper\&amp;quot;]/section[@class=\&amp;quot;content\&amp;quot;]/div[@class=\&amp;quot;ng-scope\&amp;quot;]/div[@class=\&amp;quot;row ng-scope\&amp;quot;]/form[@class=\&amp;quot;form-horizontal ng-valid-maxlength ng-valid-editable ng-dirty ng-valid-parse ng-valid ng-valid-required\&amp;quot;]/div[@class=\&amp;quot;full-width\&amp;quot;]/div[@class=\&amp;quot;mt-50 col-sm-10 col-centered\&amp;quot;]/div[@class=\&amp;quot;form-group\&amp;quot;]/div[@class=\&amp;quot;row\&amp;quot;]/table[@class=\&amp;quot;dataTable\&amp;quot;]/tbody[1]/tr[@class=\&amp;quot;ng-scope odd\&amp;quot;]/td[2]/input[@class=\&amp;quot;normal ng-untouched ng-valid ng-not-empty ng-dirty ng-valid-parse\&amp;quot;]&amp;apos; in &amp;apos;30&amp;apos; second(s)</message>
  <nestedLevel>1</nestedLevel>
</record>
<record>
  <date>2018-08-21T15:52:44</date>
  <millis>1534859564331</millis>
  <sequence>137</sequence>
  <level>WARNING</level>
  <class>com.kms.katalon.core.logging.KeywordLogger</class>
  <method>logMessage</method>
  <thread>1</thread>
  <message>Cannot take screenshot</message>
  <nestedLevel>1</nestedLevel>
</record>
<record>
  <date>2018-08-21T15:52:44</date>
  <millis>1534859564349</millis>
  <sequence>138</sequence>
  <level>FAILED</level>
  <class>com.kms.katalon.core.logging.KeywordLogger</class>
  <method>logMessage</method>
  <thread>1</thread>
  <message>Unable to double click on object &amp;apos;Object Repository/Metryka/input_normal ng-untouched ng-v&amp;apos; (Root cause: org.openqa.selenium.WebDriverException: chrome not reachable\n  (Session info: chrome=68.0.3440.106)\n  (Driver info: chromedriver=2.35.528161 (5b82f2d2aae0ca24b877009200ced9065a772e73),platform=Windows NT 10.0.17134 x86_64) (WARNING: The server did not provide any stacktrace information)\nCommand duration or timeout: 0 milliseconds\nBuild info: version: &amp;apos;3.7.1&amp;apos;, revision: &amp;apos;8a0099a&amp;apos;, time: &amp;apos;2017-11-06T21:07:36.161Z&amp;apos;\nSystem info: host: &amp;apos;LAPTOP-2OLM88US&amp;apos;, ip: &amp;apos;192.168.20.91&amp;apos;, os.name: &amp;apos;Windows 10&amp;apos;, os.arch: &amp;apos;amd64&amp;apos;, os.version: &amp;apos;10.0&amp;apos;, java.version: &amp;apos;1.8.0_181&amp;apos;\nDriver info: com.kms.katalon.selenium.driver.CChromeDriver\nCapabilities {acceptInsecureCerts: false, acceptSslCerts: false, applicationCacheEnabled: false, browserConnectionEnabled: false, browserName: chrome, chrome: {chromedriverVersion: 2.35.528161 (5b82f2d2aae0ca..., userDataDir: C:\\Users\\KAJETA~1\\AppData\\L...}, cssSelectorsEnabled: true, databaseEnabled: false, handlesAlerts: true, hasTouchScreen: false, javascriptEnabled: true, locationContextEnabled: true, mobileEmulationEnabled: false, nativeEvents: true, networkConnectionEnabled: false, pageLoadStrategy: normal, platform: XP, platformName: XP, rotatable: false, setWindowRect: true, takesHeapSnapshot: true, takesScreenshot: true, unexpectedAlertBehaviour: , unhandledPromptBehavior: , version: 68.0.3440.106, webStorageEnabled: true}\nSession ID: 5676dbd760156cde06f392f9de7ab049\n*** Element info: {Using=xpath, value=id(\&amp;quot;all\&amp;quot;)/div[@class=\&amp;quot;content-wrapper\&amp;quot;]/section[@class=\&amp;quot;content\&amp;quot;]/div[@class=\&amp;quot;ng-scope\&amp;quot;]/div[@class=\&amp;quot;row ng-scope\&amp;quot;]/form[@class=\&amp;quot;form-horizontal ng-valid-maxlength ng-valid-editable ng-dirty ng-valid-parse ng-valid ng-valid-required\&amp;quot;]/div[@class=\&amp;quot;full-width\&amp;quot;]/div[@class=\&amp;quot;mt-50 col-sm-10 col-centered\&amp;quot;]/div[@class=\&amp;quot;form-group\&amp;quot;]/div[@class=\&amp;quot;row\&amp;quot;]/table[@class=\&amp;quot;dataTable\&amp;quot;]/tbody[1]/tr[@class=\&amp;quot;ng-scope odd\&amp;quot;]/td[2]/input[@class=\&amp;quot;normal ng-untouched ng-valid ng-not-empty ng-dirty ng-valid-parse\&amp;quot;]})</message>
  <nestedLevel>1</nestedLevel>
</record>
<record>
  <date>2018-08-21T15:52:44</date>
  <millis>1534859564351</millis>
  <sequence>139</sequence>
  <level>END</level>
  <class>com.kms.katalon.core.logging.KeywordLogger</class>
  <method>endKeyword</method>
  <thread>1</thread>
  <message>End action : doubleClick</message>
  <nestedLevel>1</nestedLevel>
</record>
<record>
  <date>2018-08-21T15:52:44</date>
  <millis>1534859564352</millis>
  <sequence>140</sequence>
  <logger>com.kms.katalon.core.logging.KeywordLogger</logger>
  <level>FAILED</level>
  <class>com.kms.katalon.core.logging.KeywordLogger</class>
  <method>logMessage</method>
  <thread>1</thread>
  <message>Test Cases/Metryka/Z podzialem z komisja FAILED because (of) Unable to double click on object &amp;apos;Object Repository/Metryka/input_normal ng-untouched ng-v&amp;apos; (Root cause: org.openqa.selenium.WebDriverException: chrome not reachable\n  (Session info: chrome=68.0.3440.106)\n  (Driver info: chromedriver=2.35.528161 (5b82f2d2aae0ca24b877009200ced9065a772e73),platform=Windows NT 10.0.17134 x86_64) (WARNING: The server did not provide any stacktrace information)\nCommand duration or timeout: 0 milliseconds\nBuild info: version: &amp;apos;3.7.1&amp;apos;, revision: &amp;apos;8a0099a&amp;apos;, time: &amp;apos;2017-11-06T21:07:36.161Z&amp;apos;\nSystem info: host: &amp;apos;LAPTOP-2OLM88US&amp;apos;, ip: &amp;apos;192.168.20.91&amp;apos;, os.name: &amp;apos;Windows 10&amp;apos;, os.arch: &amp;apos;amd64&amp;apos;, os.version: &amp;apos;10.0&amp;apos;, java.version: &amp;apos;1.8.0_181&amp;apos;\nDriver info: com.kms.katalon.selenium.driver.CChromeDriver\nCapabilities {acceptInsecureCerts: false, acceptSslCerts: false, applicationCacheEnabled: false, browserConnectionEnabled: false, browserName: chrome, chrome: {chromedriverVersion: 2.35.528161 (5b82f2d2aae0ca..., userDataDir: C:\\Users\\KAJETA~1\\AppData\\L...}, cssSelectorsEnabled: true, databaseEnabled: false, handlesAlerts: true, hasTouchScreen: false, javascriptEnabled: true, locationContextEnabled: true, mobileEmulationEnabled: false, nativeEvents: true, networkConnectionEnabled: false, pageLoadStrategy: normal, platform: XP, platformName: XP, rotatable: false, setWindowRect: true, takesHeapSnapshot: true, takesScreenshot: true, unexpectedAlertBehaviour: , unhandledPromptBehavior: , version: 68.0.3440.106, webStorageEnabled: true}\nSession ID: 5676dbd760156cde06f392f9de7ab049\n*** Element info: {Using=xpath, value=id(\&amp;quot;all\&amp;quot;)/div[@class=\&amp;quot;content-wrapper\&amp;quot;]/section[@class=\&amp;quot;content\&amp;quot;]/div[@class=\&amp;quot;ng-scope\&amp;quot;]/div[@class=\&amp;quot;row ng-scope\&amp;quot;]/form[@class=\&amp;quot;form-horizontal ng-valid-maxlength ng-valid-editable ng-dirty ng-valid-parse ng-valid ng-valid-required\&amp;quot;]/div[@class=\&amp;quot;full-width\&amp;quot;]/div[@class=\&amp;quot;mt-50 col-sm-10 col-centered\&amp;quot;]/div[@class=\&amp;quot;form-group\&amp;quot;]/div[@class=\&amp;quot;row\&amp;quot;]/table[@class=\&amp;quot;dataTable\&amp;quot;]/tbody[1]/tr[@class=\&amp;quot;ng-scope odd\&amp;quot;]/td[2]/input[@class=\&amp;quot;normal ng-untouched ng-valid ng-not-empty ng-dirty ng-valid-parse\&amp;quot;]})</message>
  <exception>
    <message>com.kms.katalon.core.exception.StepFailedException: Unable to double click on object 'Object Repository/Metryka/input_normal ng-untouched ng-v' (Root cause: org.openqa.selenium.WebDriverException: chrome not reachable
  (Session info: chrome=68.0.3440.106)
  (Driver info: chromedriver=2.35.528161 (5b82f2d2aae0ca24b877009200ced9065a772e73),platform=Windows NT 10.0.17134 x86_64) (WARNING: The server did not provide any stacktrace information)
Command duration or timeout: 0 milliseconds
Build info: version: '3.7.1', revision: '8a0099a', time: '2017-11-06T21:07:36.161Z'
System info: host: 'LAPTOP-2OLM88US', ip: '192.168.20.91', os.name: 'Windows 10', os.arch: 'amd64', os.version: '10.0', java.version: '1.8.0_181'
Driver info: com.kms.katalon.selenium.driver.CChromeDriver
Capabilities {acceptInsecureCerts: false, acceptSslCerts: false, applicationCacheEnabled: false, browserConnectionEnabled: false, browserName: chrome, chrome: {chromedriverVersion: 2.35.528161 (5b82f2d2aae0ca..., userDataDir: C:\Users\KAJETA~1\AppData\L...}, cssSelectorsEnabled: true, databaseEnabled: false, handlesAlerts: true, hasTouchScreen: false, javascriptEnabled: true, locationContextEnabled: true, mobileEmulationEnabled: false, nativeEvents: true, networkConnectionEnabled: false, pageLoadStrategy: normal, platform: XP, platformName: XP, rotatable: false, setWindowRect: true, takesHeapSnapshot: true, takesScreenshot: true, unexpectedAlertBehaviour: , unhandledPromptBehavior: , version: 68.0.3440.106, webStorageEnabled: true}
Session ID: 5676dbd760156cde06f392f9de7ab049
*** Element info: {Using=xpath, value=id("all")/div[@class="content-wrapper"]/section[@class="content"]/div[@class="ng-scope"]/div[@class="row ng-scope"]/form[@class="form-horizontal ng-valid-maxlength ng-valid-editable ng-dirty ng-valid-parse ng-valid ng-valid-required"]/div[@class="full-width"]/div[@class="mt-50 col-sm-10 col-centered"]/div[@class="form-group"]/div[@class="row"]/table[@class="dataTable"]/tbody[1]/tr[@class="ng-scope odd"]/td[2]/input[@class="normal ng-untouched ng-valid ng-not-empty ng-dirty ng-valid-parse"]})</message>
    <frame>
      <class>com.kms.katalon.core.keyword.internal.KeywordMain</class>
      <method>stepFailed</method>
      <line>36</line>
    </frame>
    <frame>
      <class>com.kms.katalon.core.webui.keyword.internal.WebUIKeywordMain</class>
      <method>stepFailed</method>
      <line>65</line>
    </frame>
    <frame>
      <class>com.kms.katalon.core.webui.keyword.internal.WebUIKeywordMain</class>
      <method>runKeyword</method>
      <line>27</line>
    </frame>
    <frame>
      <class>com.kms.katalon.core.webui.keyword.builtin.DoubleClickKeyword</class>
      <method>doubleClick</method>
      <line>87</line>
    </frame>
    <frame>
      <class>com.kms.katalon.core.webui.keyword.builtin.DoubleClickKeyword</class>
      <method>execute</method>
      <line>67</line>
    </frame>
    <frame>
      <class>com.kms.katalon.core.keyword.internal.KeywordExecutor</class>
      <method>executeKeywordForPlatform</method>
      <line>53</line>
    </frame>
    <frame>
      <class>com.kms.katalon.core.webui.keyword.WebUiBuiltInKeywords</class>
      <method>doubleClick</method>
      <line>697</line>
    </frame>
    <frame>
      <class>com.kms.katalon.core.webui.keyword.WebUiBuiltInKeywords$doubleClick$1</class>
      <method>call</method>
    </frame>
    <frame>
      <class>org.codehaus.groovy.runtime.callsite.CallSiteArray</class>
      <method>defaultCall</method>
      <line>48</line>
    </frame>
    <frame>
      <class>org.codehaus.groovy.runtime.callsite.AbstractCallSite</class>
      <method>call</method>
      <line>113</line>
    </frame>
    <frame>
      <class>org.codehaus.groovy.runtime.callsite.AbstractCallSite</class>
      <method>call</method>
      <line>125</line>
    </frame>
    <frame>
      <class>Script1534856264561</class>
      <method>run</method>
      <line>36</line>
    </frame>
    <frame>
      <class>com.kms.katalon.core.main.ScriptEngine</class>
      <method>run</method>
      <line>183</line>
    </frame>
    <frame>
      <class>com.kms.katalon.core.main.ScriptEngine</class>
      <method>runScriptAsRawText</method>
      <line>108</line>
    </frame>
    <frame>
      <class>com.kms.katalon.core.main.TestCaseExecutor</class>
      <method>runScript</method>
      <line>294</line>
    </frame>
    <frame>
      <class>com.kms.katalon.core.main.TestCaseExecutor</class>
      <method>doExecute</method>
      <line>285</line>
    </frame>
    <frame>
      <class>com.kms.katalon.core.main.TestCaseExecutor</class>
      <method>processExecutionPhase</method>
      <line>264</line>
    </frame>
    <frame>
      <class>com.kms.katalon.core.main.TestCaseExecutor</class>
      <method>accessMainPhase</method>
      <line>256</line>
    </frame>
    <frame>
      <class>com.kms.katalon.core.main.TestCaseExecutor</class>
      <method>execute</method>
      <line>200</line>
    </frame>
    <frame>
      <class>com.kms.katalon.core.main.TestSuiteExecutor</class>
      <method>accessTestCaseMainPhase</method>
      <line>129</line>
    </frame>
    <frame>
      <class>com.kms.katalon.core.main.TestSuiteExecutor</class>
      <method>accessTestSuiteMainPhase</method>
      <line>112</line>
    </frame>
    <frame>
      <class>com.kms.katalon.core.main.TestSuiteExecutor</class>
      <method>execute</method>
      <line>81</line>
    </frame>
    <frame>
      <class>com.kms.katalon.core.main.TestCaseMain</class>
      <method>startTestSuite</method>
      <line>131</line>
    </frame>
    <frame>
      <class>com.kms.katalon.core.main.TestCaseMain$startTestSuite$0</class>
      <method>call</method>
    </frame>
    <frame>
      <class>org.codehaus.groovy.runtime.callsite.CallSiteArray</class>
      <method>defaultCall</method>
      <line>48</line>
    </frame>
    <frame>
      <class>org.codehaus.groovy.runtime.callsite.AbstractCallSite</class>
      <method>call</method>
      <line>113</line>
    </frame>
    <frame>
      <class>org.codehaus.groovy.runtime.callsite.AbstractCallSite</class>
      <method>call</method>
      <line>141</line>
    </frame>
    <frame>
      <class>TempTestSuite1534859495211</class>
      <method>run</method>
      <line>35</line>
    </frame>
    <frame>
      <class>groovy.lang.GroovyShell</class>
      <method>runScriptOrMainOrTestOrRunnable</method>
      <line>263</line>
    </frame>
    <frame>
      <class>groovy.lang.GroovyShell</class>
      <method>run</method>
      <line>518</line>
    </frame>
    <frame>
      <class>groovy.lang.GroovyShell</class>
      <method>run</method>
      <line>507</line>
    </frame>
    <frame>
      <class>groovy.ui.GroovyMain</class>
      <method>processOnce</method>
      <line>653</line>
    </frame>
    <frame>
      <class>groovy.ui.GroovyMain</class>
      <method>run</method>
      <line>384</line>
    </frame>
    <frame>
      <class>groovy.ui.GroovyMain</class>
      <method>process</method>
      <line>370</line>
    </frame>
    <frame>
      <class>groovy.ui.GroovyMain</class>
      <method>processArgs</method>
      <line>129</line>
    </frame>
    <frame>
      <class>groovy.ui.GroovyMain</class>
      <method>main</method>
      <line>109</line>
    </frame>
    <frame>
      <class>sun.reflect.NativeMethodAccessorImpl</class>
      <method>invoke0</method>
    </frame>
    <frame>
      <class>sun.reflect.NativeMethodAccessorImpl</class>
      <method>invoke</method>
      <line>62</line>
    </frame>
    <frame>
      <class>sun.reflect.DelegatingMethodAccessorImpl</class>
      <method>invoke</method>
      <line>43</line>
    </frame>
    <frame>
      <class>java.lang.reflect.Method</class>
      <method>invoke</method>
      <line>498</line>
    </frame>
    <frame>
      <class>org.codehaus.groovy.tools.GroovyStarter</class>
      <method>rootLoader</method>
      <line>109</line>
    </frame>
    <frame>
      <class>org.codehaus.groovy.tools.GroovyStarter</class>
      <method>main</method>
      <line>131</line>
    </frame>
  </exception>
  <nestedLevel>0</nestedLevel>
</record>
<record>
  <date>2018-08-21T15:52:44</date>
  <millis>1534859564356</millis>
  <sequence>141</sequence>
  <level>END</level>
  <class>com.kms.katalon.core.logging.KeywordLogger</class>
  <method>endTest</method>
  <thread>1</thread>
  <message>End Test Case : Test Cases/Metryka/Z podzialem z komisja</message>
  <nestedLevel>0</nestedLevel>
</record>
<record>
  <date>2018-08-21T15:52:45</date>
  <millis>1534859565010</millis>
  <sequence>142</sequence>
  <level>END</level>
  <class>com.kms.katalon.core.logging.KeywordLogger</class>
  <method>endSuite</method>
  <thread>1</thread>
  <message>End Test Suite : Test Suites/Metryka</message>
  <nestedLevel>0</nestedLevel>
</record>
</log>
